[17:26:55] [main/INFO] (FabricLoader/GameProvider) Loading Minecraft 1.20.1 with Fabric Loader 0.15.11
[17:26:55] [main/INFO] (FabricLoader) Loading 59 mods:
	- fabric-api 0.92.2+1.20.1
	- fabric-api-base 0.4.31+1802ada577
	- fabric-api-lookup-api-v1 1.6.36+1802ada577
	- fabric-biome-api-v1 13.0.13+1802ada577
	- fabric-block-api-v1 1.0.11+1802ada577
	- fabric-block-view-api-v2 1.0.1+1802ada577
	- fabric-blockrenderlayer-v1 1.1.41+1802ada577
	- fabric-client-tags-api-v1 1.1.2+1802ada577
	- fabric-command-api-v1 1.2.34+f71b366f77
	- fabric-command-api-v2 2.2.13+1802ada577
	- fabric-commands-v0 0.2.51+df3654b377
	- fabric-containers-v0 0.1.64+df3654b377
	- fabric-content-registries-v0 4.0.11+1802ada577
	- fabric-convention-tags-v1 1.5.5+1802ada577
	- fabric-crash-report-info-v1 0.2.19+1802ada577
	- fabric-data-attachment-api-v1 1.0.0+de0fd6d177
	- fabric-data-generation-api-v1 12.3.4+1802ada577
	- fabric-dimensions-v1 2.1.54+1802ada577
	- fabric-entity-events-v1 1.6.0+1c78457f77
	- fabric-events-interaction-v0 0.6.2+1802ada577
	- fabric-events-lifecycle-v0 0.2.63+df3654b377
	- fabric-game-rule-api-v1 1.0.40+1802ada577
	- fabric-gametest-api-v1 1.2.13+1802ada577
	- fabric-item-api-v1 2.1.28+1802ada577
	- fabric-item-group-api-v1 4.0.12+1802ada577
	- fabric-key-binding-api-v1 1.0.37+1802ada577
	- fabric-keybindings-v0 0.2.35+df3654b377
	- fabric-lifecycle-events-v1 2.2.22+1802ada577
	- fabric-loot-api-v2 1.2.1+1802ada577
	- fabric-loot-tables-v1 1.1.45+9e7660c677
	- fabric-message-api-v1 5.1.9+1802ada577
	- fabric-mining-level-api-v1 2.1.50+1802ada577
	- fabric-model-loading-api-v1 1.0.3+1802ada577
	- fabric-models-v0 0.4.2+9386d8a777
	- fabric-networking-api-v1 1.3.11+1802ada577
	- fabric-networking-v0 0.3.51+df3654b377
	- fabric-object-builder-api-v1 11.1.3+1802ada577
	- fabric-particles-v1 1.1.2+1802ada577
	- fabric-recipe-api-v1 1.0.21+1802ada577
	- fabric-registry-sync-v0 2.3.3+1802ada577
	- fabric-renderer-api-v1 3.2.1+1802ada577
	- fabric-renderer-indigo 1.5.2+85287f9f77
	- fabric-renderer-registries-v1 3.2.46+df3654b377
	- fabric-rendering-data-attachment-v1 0.3.37+92a0d36777
	- fabric-rendering-fluids-v1 3.0.28+1802ada577
	- fabric-rendering-v0 1.1.49+df3654b377
	- fabric-rendering-v1 3.0.8+1802ada577
	- fabric-resource-conditions-api-v1 2.3.8+1802ada577
	- fabric-resource-loader-v0 0.11.10+1802ada577
	- fabric-screen-api-v1 2.0.8+1802ada577
	- fabric-screen-handler-api-v1 1.3.30+1802ada577
	- fabric-sound-api-v1 1.0.13+1802ada577
	- fabric-transfer-api-v1 3.3.5+8dd72ea377
	- fabric-transitive-access-wideners-v1 4.3.1+1802ada577
	- fabricloader 0.15.11
	- java 17
	- mccourse 0.1-1.20.1
	- minecraft 1.20.1
	- mixinextras 0.3.5
[17:26:55] [main/INFO] (FabricLoader/Mixin) SpongePowered MIXIN Subsystem Version=0.8.5 Source=file:/C:/Users/Usuario/.gradle/caches/modules-2/files-2.1/net.fabricmc/sponge-mixin/0.13.3+mixin.0.8.5/9527e6b0d2449408958fd1302594dc65ec5ade9c/sponge-mixin-0.13.3+mixin.0.8.5.jar Service=Knot/Fabric Env=CLIENT
[17:26:55] [main/INFO] (FabricLoader/Mixin) Loaded Fabric development mappings for mixin remapper!
[17:26:55] [main/INFO] (FabricLoader/Mixin) Compatibility level set to JAVA_16
[17:26:55] [main/INFO] (FabricLoader/Mixin) Compatibility level set to JAVA_17
[17:26:56] [main/INFO] (FabricLoader/MixinExtras|Service) Initializing MixinExtras via com.llamalad7.mixinextras.service.MixinExtrasServiceImpl(version=0.3.5).
[17:26:59] [Datafixer Bootstrap/INFO] (Minecraft) 188 Datafixer optimizations took 125 milliseconds
[17:27:01] [Render thread/INFO] (Minecraft) Environment: authHost='https://authserver.mojang.com', accountsHost='https://api.mojang.com', sessionHost='https://sessionserver.mojang.com', servicesHost='https://api.minecraftservices.com', name='PROD'
[17:27:01] [Render thread/ERROR] (Minecraft) Failed to verify authentication
com.mojang.authlib.exceptions.InvalidCredentialsException: Status: 401
	at com.mojang.authlib.exceptions.MinecraftClientHttpException.toAuthenticationException(MinecraftClientHttpException.java:56) ~[authlib-4.0.43.jar:?]
	at com.mojang.authlib.yggdrasil.YggdrasilUserApiService.fetchProperties(YggdrasilUserApiService.java:156) ~[authlib-4.0.43.jar:?]
	at com.mojang.authlib.yggdrasil.YggdrasilUserApiService.<init>(YggdrasilUserApiService.java:55) ~[authlib-4.0.43.jar:?]
	at com.mojang.authlib.yggdrasil.YggdrasilAuthenticationService.createUserApiService(YggdrasilAuthenticationService.java:124) ~[authlib-4.0.43.jar:?]
	at net.minecraft.client.MinecraftClient.createUserApiService(MinecraftClient.java:733) ~[minecraft-merged-7787b014d4-1.20.1-net.fabricmc.yarn.1_20_1.1.20.1+build.10-v2.jar:?]
	at net.minecraft.client.MinecraftClient.<init>(MinecraftClient.java:498) ~[minecraft-merged-7787b014d4-1.20.1-net.fabricmc.yarn.1_20_1.1.20.1+build.10-v2.jar:?]
	at net.minecraft.client.main.Main.main(Main.java:188) ~[minecraft-merged-7787b014d4-1.20.1-net.fabricmc.yarn.1_20_1.1.20.1+build.10-v2.jar:?]
	at net.fabricmc.loader.impl.game.minecraft.MinecraftGameProvider.launch(MinecraftGameProvider.java:470) ~[fabric-loader-0.15.11.jar:?]
	at net.fabricmc.loader.impl.launch.knot.Knot.launch(Knot.java:74) ~[fabric-loader-0.15.11.jar:?]
	at net.fabricmc.loader.impl.launch.knot.KnotClient.main(KnotClient.java:23) ~[fabric-loader-0.15.11.jar:?]
	at net.fabricmc.devlaunchinjector.Main.main(Main.java:86) ~[dev-launch-injector-0.2.1+build.8.jar:?]
Caused by: com.mojang.authlib.exceptions.MinecraftClientHttpException: Status: 401
	at com.mojang.authlib.minecraft.client.MinecraftClient.readInputStream(MinecraftClient.java:85) ~[authlib-4.0.43.jar:?]
	at com.mojang.authlib.minecraft.client.MinecraftClient.get(MinecraftClient.java:48) ~[authlib-4.0.43.jar:?]
	at com.mojang.authlib.yggdrasil.YggdrasilUserApiService.fetchProperties(YggdrasilUserApiService.java:129) ~[authlib-4.0.43.jar:?]
	... 9 more
[17:27:01] [Render thread/INFO] (Minecraft) Setting user: Player25
[17:27:01] [Render thread/INFO] (mccourse) Registering Mod Items for mccourse
[17:27:01] [Render thread/INFO] (mccourse) Registering ModBlocks for mccourse
[17:27:02] [Render thread/INFO] (mccourse) Registering mod enchantments for mccourse
[17:27:02] [Render thread/INFO] (mccourse) Hello Fabric world!
[17:27:02] [Render thread/INFO] (Indigo) [Indigo] Registering Indigo renderer!
[17:27:02] [Render thread/INFO] (Minecraft) Backend library: LWJGL version 3.3.1 SNAPSHOT
[17:27:04] [Render thread/INFO] (Minecraft) Reloading ResourceManager: vanilla, fabric (fabric-screen-api-v1, fabric-mining-level-api-v1, fabric-rendering-fluids-v1, fabric-item-api-v1, fabric-renderer-indigo, fabric-loot-tables-v1, fabric-gametest-api-v1, fabric-renderer-registries-v1, fabric-loot-api-v2, fabric-content-registries-v0, fabric-recipe-api-v1, fabric-game-rule-api-v1, fabric-block-view-api-v2, fabric-screen-handler-api-v1, fabric-convention-tags-v1, fabric-model-loading-api-v1, fabric-events-lifecycle-v0, fabric-lifecycle-events-v1, fabric-command-api-v2, fabric-containers-v0, fabric-data-attachment-api-v1, fabric-message-api-v1, fabric-data-generation-api-v1, fabric-block-api-v1, fabric-sound-api-v1, fabric-blockrenderlayer-v1, fabric-crash-report-info-v1, fabric-transitive-access-wideners-v1, fabric-client-tags-api-v1, fabric-events-interaction-v0, fabric-dimensions-v1, fabric-item-group-api-v1, fabric-api-base, fabric-biome-api-v1, fabric-rendering-v0, fabric-registry-sync-v0, fabric-entity-events-v1, fabric-commands-v0, mccourse, fabric-rendering-data-attachment-v1, fabric-resource-loader-v0, fabric-keybindings-v0, fabric-particles-v1, fabric-networking-api-v1, fabric-rendering-v1, fabric-renderer-api-v1, fabric-networking-v0, fabric-api, fabric-api-lookup-api-v1, fabricloader, fabric-object-builder-api-v1, fabric-key-binding-api-v1, fabric-transfer-api-v1, fabric-models-v0, fabric-resource-conditions-api-v1, fabric-command-api-v1)
[17:27:04] [Worker-Main-12/INFO] (Minecraft) Found unifont_all_no_pua-15.0.06.hex, loading
[17:27:04] [Realms Notification Availability checker #1/INFO] (Minecraft) Could not authorize you against Realms server: Invalid session id
[17:27:05] [Render thread/WARN] (Minecraft) Missing sound for event: minecraft:item.goat_horn.play
[17:27:05] [Render thread/WARN] (Minecraft) Missing sound for event: minecraft:entity.goat.screaming.horn_break
[17:27:05] [Render thread/INFO] (Minecraft) OpenAL initialized on device OpenAL Soft on Auriculares (Realtek USB Audio)
[17:27:05] [Render thread/INFO] (Minecraft) Sound engine started
[17:27:05] [Render thread/INFO] (Minecraft) Created: 1024x512x4 minecraft:textures/atlas/blocks.png-atlas
[17:27:05] [Render thread/INFO] (Minecraft) Created: 256x256x4 minecraft:textures/atlas/signs.png-atlas
[17:27:05] [Render thread/INFO] (Minecraft) Created: 512x512x4 minecraft:textures/atlas/banner_patterns.png-atlas
[17:27:05] [Render thread/INFO] (Minecraft) Created: 512x512x4 minecraft:textures/atlas/shield_patterns.png-atlas
[17:27:05] [Render thread/INFO] (Minecraft) Created: 1024x1024x4 minecraft:textures/atlas/armor_trims.png-atlas
[17:27:05] [Render thread/INFO] (Minecraft) Created: 256x256x4 minecraft:textures/atlas/chest.png-atlas
[17:27:05] [Render thread/INFO] (Minecraft) Created: 128x64x4 minecraft:textures/atlas/decorated_pot.png-atlas
[17:27:05] [Render thread/INFO] (Minecraft) Created: 512x256x4 minecraft:textures/atlas/beds.png-atlas
[17:27:05] [Render thread/INFO] (Minecraft) Created: 512x256x4 minecraft:textures/atlas/shulker_boxes.png-atlas
[17:27:05] [Render thread/WARN] (Minecraft) Shader rendertype_entity_translucent_emissive could not find sampler named Sampler2 in the specified shader program.
[17:27:05] [Render thread/INFO] (Minecraft) Created: 256x256x0 minecraft:textures/atlas/particles.png-atlas
[17:27:05] [Render thread/INFO] (Minecraft) Created: 256x256x0 minecraft:textures/atlas/paintings.png-atlas
[17:27:05] [Render thread/INFO] (Minecraft) Created: 128x128x0 minecraft:textures/atlas/mob_effects.png-atlas
[17:27:11] [Render thread/INFO] (Minecraft) Loaded 7 recipes
[17:27:11] [Render thread/INFO] (Minecraft) Loaded 1291 advancements
[17:27:11] [Render thread/INFO] (BiomeModificationImpl) Applied 0 biome modifications to 0 of 64 new biomes in 1.792 ms
[17:27:11] [Server thread/INFO] (Minecraft) Starting integrated minecraft server version 1.20.1
[17:27:11] [Server thread/INFO] (Minecraft) Generating keypair
[17:27:12] [Server thread/INFO] (Minecraft) Preparing start region for dimension minecraft:overworld
[17:27:13] [Render thread/INFO] (Minecraft) Preparando zona de aparici贸n: 0 %
[17:27:13] [Render thread/INFO] (Minecraft) Preparando zona de aparici贸n: 0 %
[17:27:13] [Render thread/INFO] (Minecraft) Preparando zona de aparici贸n: 0 %
[17:27:13] [Render thread/INFO] (Minecraft) Preparando zona de aparici贸n: 31 %
[17:27:13] [Render thread/INFO] (Minecraft) Time elapsed: 1683 ms
[17:27:13] [Server thread/INFO] (Minecraft) Changing view distance to 12, from 10
[17:27:13] [Server thread/INFO] (Minecraft) Changing simulation distance to 12, from 0
[17:27:14] [Server thread/INFO] (Minecraft) Player25[local:E:020d1019] logged in with entity id 246 at (-41.545807361604545, 72.90162972999579, -32.68484979216266)
[17:27:14] [Server thread/INFO] (Minecraft) Player25 se ha unido a la partida
[17:27:15] [Render thread/INFO] (Minecraft) Loaded 30 advancements
[17:27:17] [Server thread/INFO] (Minecraft) Saving and pausing game...
[17:27:17] [Server thread/INFO] (Minecraft) Saving chunks for level 'ServerLevel[Mundo nuevo]'/minecraft:overworld
[17:27:17] [Server thread/INFO] (Minecraft) Saving chunks for level 'ServerLevel[Mundo nuevo]'/minecraft:the_end
[17:27:17] [Server thread/INFO] (Minecraft) Saving chunks for level 'ServerLevel[Mundo nuevo]'/minecraft:the_nether
[17:27:20] [Render thread/INFO] (Minecraft) Reloading ResourceManager: vanilla, fabric (fabric-screen-api-v1, fabric-mining-level-api-v1, fabric-rendering-fluids-v1, fabric-item-api-v1, fabric-renderer-indigo, fabric-loot-tables-v1, fabric-gametest-api-v1, fabric-renderer-registries-v1, fabric-loot-api-v2, fabric-content-registries-v0, fabric-recipe-api-v1, fabric-game-rule-api-v1, fabric-block-view-api-v2, fabric-screen-handler-api-v1, fabric-convention-tags-v1, fabric-model-loading-api-v1, fabric-events-lifecycle-v0, fabric-lifecycle-events-v1, fabric-command-api-v2, fabric-containers-v0, fabric-data-attachment-api-v1, fabric-message-api-v1, fabric-data-generation-api-v1, fabric-block-api-v1, fabric-sound-api-v1, fabric-blockrenderlayer-v1, fabric-crash-report-info-v1, fabric-transitive-access-wideners-v1, fabric-client-tags-api-v1, fabric-events-interaction-v0, fabric-dimensions-v1, fabric-item-group-api-v1, fabric-api-base, fabric-biome-api-v1, fabric-rendering-v0, fabric-registry-sync-v0, fabric-entity-events-v1, fabric-commands-v0, mccourse, fabric-rendering-data-attachment-v1, fabric-resource-loader-v0, fabric-keybindings-v0, fabric-particles-v1, fabric-networking-api-v1, fabric-rendering-v1, fabric-renderer-api-v1, fabric-networking-v0, fabric-api, fabric-api-lookup-api-v1, fabricloader, fabric-object-builder-api-v1, fabric-key-binding-api-v1, fabric-transfer-api-v1, fabric-models-v0, fabric-resource-conditions-api-v1, fabric-command-api-v1)
[17:27:20] [Worker-Main-15/INFO] (Minecraft) Found unifont_all_no_pua-15.0.06.hex, loading
[17:27:21] [Render thread/WARN] (Minecraft) Missing sound for event: minecraft:item.goat_horn.play
[17:27:21] [Render thread/WARN] (Minecraft) Missing sound for event: minecraft:entity.goat.screaming.horn_break
[17:27:21] [Render thread/INFO] (Minecraft) OpenAL initialized on device OpenAL Soft on Auriculares (Realtek USB Audio)
[17:27:21] [Render thread/INFO] (Minecraft) Sound engine started
[17:27:21] [Render thread/INFO] (Minecraft) Created: 1024x512x4 minecraft:textures/atlas/blocks.png-atlas
[17:27:21] [Render thread/INFO] (Minecraft) Created: 256x256x4 minecraft:textures/atlas/signs.png-atlas
[17:27:21] [Render thread/INFO] (Minecraft) Created: 512x512x4 minecraft:textures/atlas/banner_patterns.png-atlas
[17:27:21] [Render thread/INFO] (Minecraft) Created: 512x512x4 minecraft:textures/atlas/shield_patterns.png-atlas
[17:27:21] [Render thread/INFO] (Minecraft) Created: 1024x1024x4 minecraft:textures/atlas/armor_trims.png-atlas
[17:27:21] [Render thread/INFO] (Minecraft) Created: 256x256x4 minecraft:textures/atlas/chest.png-atlas
[17:27:21] [Render thread/INFO] (Minecraft) Created: 128x64x4 minecraft:textures/atlas/decorated_pot.png-atlas
[17:27:21] [Render thread/INFO] (Minecraft) Created: 512x256x4 minecraft:textures/atlas/beds.png-atlas
[17:27:21] [Render thread/INFO] (Minecraft) Created: 512x256x4 minecraft:textures/atlas/shulker_boxes.png-atlas
[17:27:21] [Render thread/WARN] (Minecraft) Shader rendertype_entity_translucent_emissive could not find sampler named Sampler2 in the specified shader program.
[17:27:21] [Render thread/INFO] (Minecraft) Created: 256x256x0 minecraft:textures/atlas/particles.png-atlas
[17:27:21] [Render thread/INFO] (Minecraft) Created: 256x256x0 minecraft:textures/atlas/paintings.png-atlas
[17:27:21] [Render thread/INFO] (Minecraft) Created: 128x128x0 minecraft:textures/atlas/mob_effects.png-atlas
[17:27:28] [Render thread/INFO] (Minecraft) [System] [CHAT] Saved screenshot as 2024-07-10_17.27.28.png
[17:30:19] [Server thread/INFO] (Minecraft) Saving and pausing game...
[17:30:19] [Server thread/INFO] (Minecraft) Saving chunks for level 'ServerLevel[Mundo nuevo]'/minecraft:overworld
[17:30:19] [Server thread/INFO] (Minecraft) Saving chunks for level 'ServerLevel[Mundo nuevo]'/minecraft:the_end
[17:30:19] [Server thread/INFO] (Minecraft) Saving chunks for level 'ServerLevel[Mundo nuevo]'/minecraft:the_nether
[17:30:22] [Server thread/INFO] (Minecraft) [Player25: Set the time to 0]
[17:30:22] [Render thread/INFO] (Minecraft) [System] [CHAT] Set the time to 0
[17:30:23] [Server thread/INFO] (Minecraft) Saving and pausing game...
[17:30:23] [Server thread/INFO] (Minecraft) Saving chunks for level 'ServerLevel[Mundo nuevo]'/minecraft:overworld
[17:30:23] [Server thread/INFO] (Minecraft) Saving chunks for level 'ServerLevel[Mundo nuevo]'/minecraft:the_end
[17:30:23] [Server thread/INFO] (Minecraft) Saving chunks for level 'ServerLevel[Mundo nuevo]'/minecraft:the_nether
[18:47:35] [Render thread/INFO] (Minecraft) [System] [CHAT] {Nether Pink Garnet Ore} has been found at (-42, 70, -31) coordinates
[18:47:35] [Render thread/INFO] (Minecraft) [System] [CHAT] {End Stone Pink Garnet Ore} has been found at (-41, 70, -31) coordinates
[18:47:38] [Server thread/INFO] (Minecraft) Saving and pausing game...
[18:47:38] [Server thread/INFO] (Minecraft) Saving chunks for level 'ServerLevel[Mundo nuevo]'/minecraft:overworld
[18:47:38] [Server thread/INFO] (Minecraft) Saving chunks for level 'ServerLevel[Mundo nuevo]'/minecraft:the_end
[18:47:38] [Server thread/INFO] (Minecraft) Saving chunks for level 'ServerLevel[Mundo nuevo]'/minecraft:the_nether
[18:47:41] [Render thread/INFO] (Minecraft) Reloading ResourceManager: vanilla, fabric (fabric-screen-api-v1, fabric-mining-level-api-v1, fabric-rendering-fluids-v1, fabric-item-api-v1, fabric-renderer-indigo, fabric-loot-tables-v1, fabric-gametest-api-v1, fabric-renderer-registries-v1, fabric-loot-api-v2, fabric-content-registries-v0, fabric-recipe-api-v1, fabric-game-rule-api-v1, fabric-block-view-api-v2, fabric-screen-handler-api-v1, fabric-convention-tags-v1, fabric-model-loading-api-v1, fabric-events-lifecycle-v0, fabric-lifecycle-events-v1, fabric-command-api-v2, fabric-containers-v0, fabric-data-attachment-api-v1, fabric-message-api-v1, fabric-data-generation-api-v1, fabric-block-api-v1, fabric-sound-api-v1, fabric-blockrenderlayer-v1, fabric-crash-report-info-v1, fabric-transitive-access-wideners-v1, fabric-client-tags-api-v1, fabric-events-interaction-v0, fabric-dimensions-v1, fabric-item-group-api-v1, fabric-api-base, fabric-biome-api-v1, fabric-rendering-v0, fabric-registry-sync-v0, fabric-entity-events-v1, fabric-commands-v0, mccourse, fabric-rendering-data-attachment-v1, fabric-resource-loader-v0, fabric-keybindings-v0, fabric-particles-v1, fabric-networking-api-v1, fabric-rendering-v1, fabric-renderer-api-v1, fabric-networking-v0, fabric-api, fabric-api-lookup-api-v1, fabricloader, fabric-object-builder-api-v1, fabric-key-binding-api-v1, fabric-transfer-api-v1, fabric-models-v0, fabric-resource-conditions-api-v1, fabric-command-api-v1)
[18:47:41] [Worker-Main-30/INFO] (Minecraft) Found unifont_all_no_pua-15.0.06.hex, loading
[18:47:42] [Render thread/WARN] (Minecraft) Missing sound for event: minecraft:item.goat_horn.play
[18:47:42] [Render thread/WARN] (Minecraft) Missing sound for event: minecraft:entity.goat.screaming.horn_break
[18:47:42] [Render thread/INFO] (Minecraft) OpenAL initialized on device OpenAL Soft on Auriculares (Realtek USB Audio)
[18:47:42] [Render thread/INFO] (Minecraft) Sound engine started
[18:47:42] [Render thread/INFO] (Minecraft) Created: 1024x512x4 minecraft:textures/atlas/blocks.png-atlas
[18:47:42] [Render thread/INFO] (Minecraft) Created: 256x256x4 minecraft:textures/atlas/signs.png-atlas
[18:47:42] [Render thread/INFO] (Minecraft) Created: 512x512x4 minecraft:textures/atlas/banner_patterns.png-atlas
[18:47:42] [Render thread/INFO] (Minecraft) Created: 512x512x4 minecraft:textures/atlas/shield_patterns.png-atlas
[18:47:42] [Render thread/INFO] (Minecraft) Created: 1024x1024x4 minecraft:textures/atlas/armor_trims.png-atlas
[18:47:42] [Render thread/INFO] (Minecraft) Created: 256x256x4 minecraft:textures/atlas/chest.png-atlas
[18:47:42] [Render thread/INFO] (Minecraft) Created: 128x64x4 minecraft:textures/atlas/decorated_pot.png-atlas
[18:47:42] [Render thread/INFO] (Minecraft) Created: 512x256x4 minecraft:textures/atlas/beds.png-atlas
[18:47:42] [Render thread/INFO] (Minecraft) Created: 512x256x4 minecraft:textures/atlas/shulker_boxes.png-atlas
[18:47:42] [Render thread/WARN] (Minecraft) Shader rendertype_entity_translucent_emissive could not find sampler named Sampler2 in the specified shader program.
[18:47:42] [Render thread/INFO] (Minecraft) Created: 256x256x0 minecraft:textures/atlas/particles.png-atlas
[18:47:42] [Render thread/INFO] (Minecraft) Created: 256x256x0 minecraft:textures/atlas/paintings.png-atlas
[18:47:42] [Render thread/INFO] (Minecraft) Created: 128x128x0 minecraft:textures/atlas/mob_effects.png-atlas
[18:47:51] [Render thread/INFO] (Minecraft) [System] [CHAT] Se ha encontrado {Mena de granate rosa del End} en las coordenadas (-41, 70, -31)
[18:47:56] [Server thread/INFO] (Minecraft) Saving and pausing game...
[18:47:56] [Server thread/INFO] (Minecraft) Saving chunks for level 'ServerLevel[Mundo nuevo]'/minecraft:overworld
[18:47:56] [Server thread/INFO] (Minecraft) Saving chunks for level 'ServerLevel[Mundo nuevo]'/minecraft:the_end
[18:47:56] [Server thread/INFO] (Minecraft) Saving chunks for level 'ServerLevel[Mundo nuevo]'/minecraft:the_nether
[18:47:56] [Server thread/INFO] (Minecraft) Player25 lost connection: Desconectado
[18:47:56] [Server thread/INFO] (Minecraft) Player25 ha abandonado la partida
[18:47:56] [Server thread/INFO] (Minecraft) Stopping singleplayer server as player logged out
[18:47:57] [Server thread/INFO] (Minecraft) Stopping server
[18:47:57] [Server thread/INFO] (Minecraft) Saving players
[18:47:57] [Server thread/INFO] (Minecraft) Saving worlds
[18:47:57] [Server thread/INFO] (Minecraft) Saving chunks for level 'ServerLevel[Mundo nuevo]'/minecraft:overworld
[18:47:57] [Server thread/INFO] (Minecraft) Saving chunks for level 'ServerLevel[Mundo nuevo]'/minecraft:the_end
[18:47:57] [Server thread/INFO] (Minecraft) Saving chunks for level 'ServerLevel[Mundo nuevo]'/minecraft:the_nether
[18:47:57] [Server thread/INFO] (Minecraft) ThreadedAnvilChunkStorage (Mundo nuevo): All chunks are saved
[18:47:57] [Server thread/INFO] (Minecraft) ThreadedAnvilChunkStorage (DIM1): All chunks are saved
[18:47:57] [Server thread/INFO] (Minecraft) ThreadedAnvilChunkStorage (DIM-1): All chunks are saved
[18:47:57] [Server thread/INFO] (Minecraft) ThreadedAnvilChunkStorage: All dimensions are saved
[18:47:57] [Render thread/INFO] (Minecraft) Stopping!
